<?xml version="1.0" encoding="UTF-8"?>
<testng-results skipped="0" failed="0" ignored="0" total="1" passed="1">
  <reporter-output>
  </reporter-output>
  <suite name="Default suite" duration-ms="3128" started-at="2021-03-08T19:32:47Z" finished-at="2021-03-08T19:32:50Z">
    <groups>
    </groups>
    <test name="Default test" duration-ms="3128" started-at="2021-03-08T19:32:47Z" finished-at="2021-03-08T19:32:50Z">
      <class name="testCases.GET_Or_Read_A_Product">
        <test-method status="PASS" signature="read_A_Product()[pri:0, instance:testCases.GET_Or_Read_A_Product@159f197]" name="read_A_Product" duration-ms="3089" started-at="2021-03-08T19:32:47Z" finished-at="2021-03-08T19:32:50Z">
          <reporter-output>
          </reporter-output>
        </test-method> <!-- read_A_Product -->
      </class> <!-- testCases.GET_Or_Read_A_Product -->
    </test> <!-- Default test -->
  </suite> <!-- Default suite -->
</testng-results>
